(t0): New task P1
(t0): New task P3
(t0): P1 running
(t1): Task P1 goes to sleep until (t6)
(t1): New task P2
(t0): Context switch (P1)<->(P3)
(t1): P3 running
(t2): P3 running
(t3): New task P4
(t3): P3 running
(t4): P3 running
(t5): P3 running
(t6): Task P3 goes to sleep until (t10)
(t6): task P1 awake
(t5): Context switch (P3)<->(P2)
(t6): P2 running
(t7): P2 running
(t8): P2 running
(t9): Task P2 goes to sleep until (t10)
(t8): Context switch (P2)<->(P4)
(t9): P4 running
(t10): task P3 awake
(t10): task P2 awake
(t10): P4 running
(t11): P4 running
(t12): Task P4 goes to sleep until (t14)
(t11): Context switch (P4)<->(P1)
(t12): P1 running
(t12): Context switch (P1)<->(P3)
(t13): P3 running
(t14): task P4 awake
(t13): Context switch (P3)<->(P2)
(t14): P2 running
(t15): Task P2 goes to sleep until (t16)
(t14): Context switch (P2)<->(P4)
(t15): P4 running
(t16): Task P4 goes to sleep until (t17)
(t15): Context switch (P4)<->(idle)
(t16): idle running
==================
P1	0	1	running
P1	1	6	I/O
P1	6	12	ready
P1	12	13	running
P2	1	6	ready
P2	6	9	running
P2	9	10	I/O
P2	10	14	ready
P2	14	15	running
P2	15	16	I/O
P3	0	1	ready
P3	1	6	running
P3	6	10	I/O
P3	10	13	ready
P3	13	14	running
P4	3	9	ready
P4	9	12	running
P4	12	14	I/O
P4	14	15	ready
P4	15	16	running
P4	16	17	I/O
