(t0): idle running
(t1): New task P2
(t0): Context switch (idle)<->(P2)
(t1): P2 running
(t2): P2 running
(t3): New task P4
(t2): Context switch (P2)<->(P4)
(t3): P4 running
(t3): Context switch (P4)<->(P2)
(t4): P2 running
(t5): Task P2 goes to sleep until (t6)
(t4): Context switch (P2)<->(P4)
(t5): P4 running
(t6): task P2 awake
(t5): Context switch (P4)<->(P2)
(t6): P2 running
(t7): Task P2 goes to sleep until (t8)
(t6): Context switch (P2)<->(idle)
(t7): idle running
(t8): idle running
(t9): idle running
(t9): Task P4 migrated from CPU 0 to CPU 1 
(t9): Context switch (idle)<->(P4)
(t10): P4 running
(t11): Task P4 goes to sleep until (t12)
(t10): Context switch (P4)<->(idle)
(t11): idle running
==================
P2	1	3	running
P2	3	4	ready
P2	4	5	running
P2	5	6	I/O
P2	6	7	running
P2	7	8	I/O
P4	3	4	running
P4	4	5	ready
P4	5	6	running
P4	6	7	ready
P4	10	11	running
P4	11	12	I/O
