(t0): New task P1
(t0): New task P3
(t0): P1 running
(t1): Task P1 goes to sleep until (t6)
(t1): New task P2
(t0): Context switch (P1)<->(P3)
(t1): P3 running
(t2): P3 running
(t3): New task P4
(t3): P3 running
(t3): Context switch (P3)<->(P2)
(t4): P2 running
(t5): P2 running
(t6): task P1 awake
(t6): P2 running
(t7): Task P2 goes to sleep until (t8)
(t6): Context switch (P2)<->(P4)
(t7): P4 running
(t8): task P2 awake
(t8): P4 running
(t9): P4 running
(t10): Task P4 goes to sleep until (t12)
(t9): Context switch (P4)<->(P3)
(t10): P3 running
(t11): P3 running
(t12): Task P3 goes to sleep until (t16)
(t12): task P4 awake
(t11): Context switch (P3)<->(P1)
(t12): P1 running
(t12): Context switch (P1)<->(P2)
(t13): P2 running
(t14): Task P2 goes to sleep until (t15)
(t13): Context switch (P2)<->(P4)
(t14): P4 running
(t15): Task P4 goes to sleep until (t16)
(t14): Context switch (P4)<->(idle)
(t15): idle running
(t16): task P3 awake
(t15): Context switch (idle)<->(P3)
(t16): P3 running
(t16): Context switch (P3)<->(idle)
==================
P1	0	1	running
P1	1	6	I/O
P1	6	12	ready
P1	12	13	running
P2	1	4	ready
P2	4	7	running
P2	7	8	I/O
P2	8	13	ready
P2	13	14	running
P2	14	15	I/O
P3	0	1	ready
P3	1	4	running
P3	4	10	ready
P3	10	12	running
P3	12	16	I/O
P3	16	17	running
P4	3	7	ready
P4	7	10	running
P4	10	12	I/O
P4	12	14	ready
P4	14	15	running
P4	15	16	I/O
