(t0): idle running
(t1): New task P2
(t0): Context switch (idle)<->(P2)
(t1): P2 running
(t2): P2 running
(t3): New task P4
(t3): P2 running
(t4): Task P2 goes to sleep until (t5)
(t3): Context switch (P2)<->(P4)
(t4): P4 running
(t5): task P2 awake
(t5): P4 running
(t6): P4 running
(t7): Task P4 goes to sleep until (t9)
(t6): Context switch (P4)<->(P2)
(t7): P2 running
(t8): Task P2 goes to sleep until (t9)
(t7): Context switch (P2)<->(idle)
(t8): idle running
(t9): task P4 awake
(t8): Context switch (idle)<->(P4)
(t9): P4 running
(t10): Task P4 goes to sleep until (t11)
(t9): Context switch (P4)<->(idle)
(t10): idle running
==================
P2	1	4	running
P2	4	5	I/O
P2	5	7	ready
P2	7	8	running
P2	8	9	I/O
P4	3	4	ready
P4	4	7	running
P4	7	9	I/O
P4	9	10	running
P4	10	11	I/O
